# JRE version: Java(TM) SE Runtime Environment (8.0_60-b27) (build 1.8.0_60-b27)
# Java VM: Java HotSpot(TM) 64-Bit Server VM (25.60-b23 mixed mode linux-amd64 compressed oops)
Heap:
 PSYoungGen      total 54784K, used 42193K [0x000000076ce00000, 0x0000000771700000, 0x00000007c0000000)
  eden space 46592K, 72% used [0x000000076ce00000,0x000000076ef34aa0,0x000000076fb80000)
  from space 8192K, 99% used [0x0000000770f00000,0x00000007716ffac8,0x0000000771700000)
  to   space 13824K, 0% used [0x000000076fc00000,0x000000076fc00000,0x0000000770980000)
 ParOldGen       total 77824K, used 18877K [0x00000006c6a00000, 0x00000006cb600000, 0x000000076ce00000)
  object space 77824K, 24% used [0x00000006c6a00000,0x00000006c7c6f448,0x00000006cb600000)
 Metaspace       used 27020K, capacity 27236K, committed 27648K, reserved 1073152K
  class space    used 2993K, capacity 3063K, committed 3072K, reserved 1048576K
GC Heap History (10 events):
Event: 384,233 GC heap before
{Heap before GC invocations=19 (full 1):
 PSYoungGen      total 52224K, used 52128K [0x000000076ce00000, 0x0000000770c00000, 0x00000007c0000000)
  eden space 50176K, 100% used [0x000000076ce00000,0x000000076ff00000,0x000000076ff00000)
  from space 2048K, 95% used [0x0000000770000000,0x00000007701e8010,0x0000000770200000)
  to   space 6656K, 0% used [0x0000000770580000,0x0000000770580000,0x0000000770c00000)
 ParOldGen       total 77824K, used 12553K [0x00000006c6a00000, 0x00000006cb600000, 0x000000076ce00000)
  object space 77824K, 16% used [0x00000006c6a00000,0x00000006c7642730,0x00000006cb600000)
 Metaspace       used 26399K, capacity 26586K, committed 26880K, reserved 1073152K
  class space    used 2975K, capacity 3060K, committed 3072K, reserved 1048576K
Event: 384,239 GC heap after
Heap after GC invocations=19 (full 1):
 PSYoungGen      total 55296K, used 6625K [0x000000076ce00000, 0x0000000770e00000, 0x00000007c0000000)
  eden space 48640K, 0% used [0x000000076ce00000,0x000000076ce00000,0x000000076fd80000)
  from space 6656K, 99% used [0x0000000770580000,0x0000000770bf8790,0x0000000770c00000)
  to   space 8192K, 0% used [0x000000076fd80000,0x000000076fd80000,0x0000000770580000)
 ParOldGen       total 77824K, used 12863K [0x00000006c6a00000, 0x00000006cb600000, 0x000000076ce00000)
  object space 77824K, 16% used [0x00000006c6a00000,0x00000006c768ff48,0x00000006cb600000)
 Metaspace       used 26399K, capacity 26586K, committed 26880K, reserved 1073152K
  class space    used 2975K, capacity 3060K, committed 3072K, reserved 1048576K
}
Event: 384,639 GC heap before
{Heap before GC invocations=20 (full 1):
 PSYoungGen      total 55296K, used 55265K [0x000000076ce00000, 0x0000000770e00000, 0x00000007c0000000)
  eden space 48640K, 100% used [0x000000076ce00000,0x000000076fd80000,0x000000076fd80000)
  from space 6656K, 99% used [0x0000000770580000,0x0000000770bf8790,0x0000000770c00000)
  to   space 8192K, 0% used [0x000000076fd80000,0x000000076fd80000,0x0000000770580000)
 ParOldGen       total 77824K, used 12863K [0x00000006c6a00000, 0x00000006cb600000, 0x000000076ce00000)
  object space 77824K, 16% used [0x00000006c6a00000,0x00000006c768ff48,0x00000006cb600000)
 Metaspace       used 26727K, capacity 26906K, committed 27392K, reserved 1073152K
  class space    used 2988K, capacity 3060K, committed 3072K, reserved 1048576K
Event: 384,656 GC heap after
Heap after GC invocations=20 (full 1):
 PSYoungGen      total 56832K, used 8174K [0x000000076ce00000, 0x0000000772180000, 0x00000007c0000000)
  eden space 48640K, 0% used [0x000000076ce00000,0x000000076ce00000,0x000000076fd80000)
  from space 8192K, 99% used [0x000000076fd80000,0x000000077057bb38,0x0000000770580000)
  to   space 11264K, 0% used [0x0000000771680000,0x0000000771680000,0x0000000772180000)
 ParOldGen       total 77824K, used 18181K [0x00000006c6a00000, 0x00000006cb600000, 0x000000076ce00000)
  object space 77824K, 23% used [0x00000006c6a00000,0x00000006c7bc1438,0x00000006cb600000)
 Metaspace       used 26727K, capacity 26906K, committed 27392K, reserved 1073152K
  class space    used 2988K, capacity 3060K, committed 3072K, reserved 1048576K
}
Event: 412,599 GC heap before
{Heap before GC invocations=21 (full 1):
 PSYoungGen      total 56832K, used 56814K [0x000000076ce00000, 0x0000000772180000, 0x00000007c0000000)
  eden space 48640K, 100% used [0x000000076ce00000,0x000000076fd80000,0x000000076fd80000)
  from space 8192K, 99% used [0x000000076fd80000,0x000000077057bb38,0x0000000770580000)
  to   space 11264K, 0% used [0x0000000771680000,0x0000000771680000,0x0000000772180000)
 ParOldGen       total 77824K, used 18181K [0x00000006c6a00000, 0x00000006cb600000, 0x000000076ce00000)
  object space 77824K, 23% used [0x00000006c6a00000,0x00000006c7bc1438,0x00000006cb600000)
 Metaspace       used 26889K, capacity 27098K, committed 27392K, reserved 1073152K
  class space    used 2988K, capacity 3060K, committed 3072K, reserved 1048576K
Event: 412,609 GC heap after
Heap after GC invocations=21 (full 1):
 PSYoungGen      total 55808K, used 8190K [0x000000076ce00000, 0x0000000771e80000, 0x00000007c0000000)
  eden space 47616K, 0% used [0x000000076ce00000,0x000000076ce00000,0x000000076fc80000)
  from space 8192K, 99% used [0x0000000771680000,0x0000000771e7fb28,0x0000000771e80000)
  to   space 12288K, 0% used [0x0000000770680000,0x0000000770680000,0x0000000771280000)
 ParOldGen       total 77824K, used 18269K [0x00000006c6a00000, 0x00000006cb600000, 0x000000076ce00000)
  object space 77824K, 23% used [0x00000006c6a00000,0x00000006c7bd7438,0x00000006cb600000)
 Metaspace       used 26889K, capacity 27098K, committed 27392K, reserved 1073152K
  class space    used 2988K, capacity 3060K, committed 3072K, reserved 1048576K
}
Event: 746,257 GC heap before
{Heap before GC invocations=22 (full 1):
 PSYoungGen      total 55808K, used 55806K [0x000000076ce00000, 0x0000000771e80000, 0x00000007c0000000)
  eden space 47616K, 100% used [0x000000076ce00000,0x000000076fc80000,0x000000076fc80000)
  from space 8192K, 99% used [0x0000000771680000,0x0000000771e7fb28,0x0000000771e80000)
  to   space 12288K, 0% used [0x0000000770680000,0x0000000770680000,0x0000000771280000)
 ParOldGen       total 77824K, used 18269K [0x00000006c6a00000, 0x00000006cb600000, 0x000000076ce00000)
  object space 77824K, 23% used [0x00000006c6a00000,0x00000006c7bd7438,0x00000006cb600000)
 Metaspace       used 26942K, capacity 27162K, committed 27648K, reserved 1073152K
  class space    used 2988K, capacity 3060K, committed 3072K, reserved 1048576K
Event: 746,272 GC heap after
Heap after GC invocations=22 (full 1):
 PSYoungGen      total 55808K, used 8382K [0x000000076ce00000, 0x0000000771700000, 0x00000007c0000000)
  eden space 47104K, 0% used [0x000000076ce00000,0x000000076ce00000,0x000000076fc00000)
  from space 8704K, 96% used [0x0000000770680000,0x0000000770eafad8,0x0000000770f00000)
  to   space 8192K, 0% used [0x0000000770f00000,0x0000000770f00000,0x0000000771700000)
 ParOldGen       total 77824K, used 18341K [0x00000006c6a00000, 0x00000006cb600000, 0x000000076ce00000)
  object space 77824K, 23% used [0x00000006c6a00000,0x00000006c7be9438,0x00000006cb600000)
 Metaspace       used 26942K, capacity 27162K, committed 27648K, reserved 1073152K
  class space    used 2988K, capacity 3060K, committed 3072K, reserved 1048576K
}
Event: 751,289 GC heap before
{Heap before GC invocations=23 (full 1):
 PSYoungGen      total 55808K, used 55486K [0x000000076ce00000, 0x0000000771700000, 0x00000007c0000000)
  eden space 47104K, 100% used [0x000000076ce00000,0x000000076fc00000,0x000000076fc00000)
  from space 8704K, 96% used [0x0000000770680000,0x0000000770eafad8,0x0000000770f00000)
  to   space 8192K, 0% used [0x0000000770f00000,0x0000000770f00000,0x0000000771700000)
 ParOldGen       total 77824K, used 18341K [0x00000006c6a00000, 0x00000006cb600000, 0x000000076ce00000)
  object space 77824K, 23% used [0x00000006c6a00000,0x00000006c7be9438,0x00000006cb600000)
 Metaspace       used 26942K, capacity 27162K, committed 27648K, reserved 1073152K
  class space    used 2988K, capacity 3060K, committed 3072K, reserved 1048576K
Event: 751,304 GC heap after
Heap after GC invocations=23 (full 1):
 PSYoungGen      total 54784K, used 8190K [0x000000076ce00000, 0x0000000771700000, 0x00000007c0000000)
  eden space 46592K, 0% used [0x000000076ce00000,0x000000076ce00000,0x000000076fb80000)
  from space 8192K, 99% used [0x0000000770f00000,0x00000007716ffac8,0x0000000771700000)
  to   space 13824K, 0% used [0x000000076fc00000,0x000000076fc00000,0x0000000770980000)
 ParOldGen       total 77824K, used 18877K [0x00000006c6a00000, 0x00000006cb600000, 0x000000076ce00000)
  object space 77824K, 24% used [0x00000006c6a00000,0x00000006c7c6f448,0x00000006cb600000)
 Metaspace       used 26942K, capacity 27162K, committed 27648K, reserved 1073152K
  class space    used 2988K, capacity 3060K, committed 3072K, reserved 1048576K
}

