# JRE version: Java(TM) SE Runtime Environment (8.0_60-b27) (build 1.8.0_60-b27)
# Java VM: Java HotSpot(TM) 64-Bit Server VM (25.60-b23 mixed mode linux-amd64 compressed oops)
Heap:
 PSYoungGen      total 74752K, used 9015K [0x000000076ce00000, 0x0000000772100000, 0x00000007c0000000)
  eden space 64512K, 13% used [0x000000076ce00000,0x000000076d6cdd78,0x0000000770d00000)
  from space 10240K, 0% used [0x0000000770d00000,0x0000000770d00000,0x0000000771700000)
  to   space 10240K, 0% used [0x0000000771700000,0x0000000771700000,0x0000000772100000)
 ParOldGen       total 81920K, used 13466K [0x00000006c6a00000, 0x00000006cba00000, 0x000000076ce00000)
  object space 81920K, 16% used [0x00000006c6a00000,0x00000006c7726bb0,0x00000006cba00000)
 Metaspace       used 20940K, capacity 21100K, committed 21552K, reserved 1069056K
  class space    used 2526K, capacity 2597K, committed 2688K, reserved 1048576K
GC Heap History (4 events):
Event: 9,844 GC heap before
{Heap before GC invocations=1 (full 0):
 PSYoungGen      total 74752K, used 58926K [0x000000076ce00000, 0x0000000772100000, 0x00000007c0000000)
  eden space 64512K, 91% used [0x000000076ce00000,0x000000077078bab0,0x0000000770d00000)
  from space 10240K, 0% used [0x0000000771700000,0x0000000771700000,0x0000000772100000)
  to   space 10240K, 0% used [0x0000000770d00000,0x0000000770d00000,0x0000000771700000)
 ParOldGen       total 171008K, used 0K [0x00000006c6a00000, 0x00000006d1100000, 0x000000076ce00000)
  object space 171008K, 0% used [0x00000006c6a00000,0x00000006c6a00000,0x00000006d1100000)
 Metaspace       used 20789K, capacity 20972K, committed 21296K, reserved 1069056K
  class space    used 2518K, capacity 2597K, committed 2688K, reserved 1048576K
Event: 9,859 GC heap after
Heap after GC invocations=1 (full 0):
 PSYoungGen      total 74752K, used 10211K [0x000000076ce00000, 0x0000000772100000, 0x00000007c0000000)
  eden space 64512K, 0% used [0x000000076ce00000,0x000000076ce00000,0x0000000770d00000)
  from space 10240K, 99% used [0x0000000770d00000,0x00000007716f8d68,0x0000000771700000)
  to   space 10240K, 0% used [0x0000000771700000,0x0000000771700000,0x0000000772100000)
 ParOldGen       total 171008K, used 3494K [0x00000006c6a00000, 0x00000006d1100000, 0x000000076ce00000)
  object space 171008K, 2% used [0x00000006c6a00000,0x00000006c6d69b28,0x00000006d1100000)
 Metaspace       used 20789K, capacity 20972K, committed 21296K, reserved 1069056K
  class space    used 2518K, capacity 2597K, committed 2688K, reserved 1048576K
}
Event: 9,859 GC heap before
{Heap before GC invocations=2 (full 1):
 PSYoungGen      total 74752K, used 10211K [0x000000076ce00000, 0x0000000772100000, 0x00000007c0000000)
  eden space 64512K, 0% used [0x000000076ce00000,0x000000076ce00000,0x0000000770d00000)
  from space 10240K, 99% used [0x0000000770d00000,0x00000007716f8d68,0x0000000771700000)
  to   space 10240K, 0% used [0x0000000771700000,0x0000000771700000,0x0000000772100000)
 ParOldGen       total 171008K, used 3494K [0x00000006c6a00000, 0x00000006d1100000, 0x000000076ce00000)
  object space 171008K, 2% used [0x00000006c6a00000,0x00000006c6d69b28,0x00000006d1100000)
 Metaspace       used 20789K, capacity 20972K, committed 21296K, reserved 1069056K
  class space    used 2518K, capacity 2597K, committed 2688K, reserved 1048576K
Event: 9,911 GC heap after
Heap after GC invocations=2 (full 1):
 PSYoungGen      total 74752K, used 0K [0x000000076ce00000, 0x0000000772100000, 0x00000007c0000000)
  eden space 64512K, 0% used [0x000000076ce00000,0x000000076ce00000,0x0000000770d00000)
  from space 10240K, 0% used [0x0000000770d00000,0x0000000770d00000,0x0000000771700000)
  to   space 10240K, 0% used [0x0000000771700000,0x0000000771700000,0x0000000772100000)
 ParOldGen       total 81920K, used 13466K [0x00000006c6a00000, 0x00000006cba00000, 0x000000076ce00000)
  object space 81920K, 16% used [0x00000006c6a00000,0x00000006c7726bb0,0x00000006cba00000)
 Metaspace       used 20789K, capacity 20972K, committed 21296K, reserved 1069056K
  class space    used 2518K, capacity 2597K, committed 2688K, reserved 1048576K
}

