# JRE version: Java(TM) SE Runtime Environment (8.0_60-b27) (build 1.8.0_60-b27)
# Java VM: Java HotSpot(TM) 64-Bit Server VM (25.60-b23 mixed mode linux-amd64 compressed oops)
Heap:
 PSYoungGen      total 74752K, used 16284K [0x000000076ce00000, 0x0000000772100000, 0x00000007c0000000)
  eden space 64512K, 25% used [0x000000076ce00000,0x000000076dde73c0,0x0000000770d00000)
  from space 10240K, 0% used [0x0000000770d00000,0x0000000770d00000,0x0000000771700000)
  to   space 10240K, 0% used [0x0000000771700000,0x0000000771700000,0x0000000772100000)
 ParOldGen       total 77312K, used 11379K [0x00000006c6a00000, 0x00000006cb580000, 0x000000076ce00000)
  object space 77312K, 14% used [0x00000006c6a00000,0x00000006c751cd08,0x00000006cb580000)
 Metaspace       used 21226K, capacity 21416K, committed 21936K, reserved 1069056K
  class space    used 2629K, capacity 2705K, committed 2816K, reserved 1048576K
GC Heap History (4 events):
Event: 8,336 GC heap before
{Heap before GC invocations=1 (full 0):
 PSYoungGen      total 74752K, used 49356K [0x000000076ce00000, 0x0000000772100000, 0x00000007c0000000)
  eden space 64512K, 76% used [0x000000076ce00000,0x000000076fe331f8,0x0000000770d00000)
  from space 10240K, 0% used [0x0000000771700000,0x0000000771700000,0x0000000772100000)
  to   space 10240K, 0% used [0x0000000770d00000,0x0000000770d00000,0x0000000771700000)
 ParOldGen       total 171008K, used 0K [0x00000006c6a00000, 0x00000006d1100000, 0x000000076ce00000)
  object space 171008K, 0% used [0x00000006c6a00000,0x00000006c6a00000,0x00000006d1100000)
 Metaspace       used 20842K, capacity 20994K, committed 21296K, reserved 1069056K
  class space    used 2607K, capacity 2672K, committed 2688K, reserved 1048576K
Event: 8,352 GC heap after
Heap after GC invocations=1 (full 0):
 PSYoungGen      total 74752K, used 10217K [0x000000076ce00000, 0x0000000772100000, 0x00000007c0000000)
  eden space 64512K, 0% used [0x000000076ce00000,0x000000076ce00000,0x0000000770d00000)
  from space 10240K, 99% used [0x0000000770d00000,0x00000007716fa530,0x0000000771700000)
  to   space 10240K, 0% used [0x0000000771700000,0x0000000771700000,0x0000000772100000)
 ParOldGen       total 171008K, used 1387K [0x00000006c6a00000, 0x00000006d1100000, 0x000000076ce00000)
  object space 171008K, 0% used [0x00000006c6a00000,0x00000006c6b5af60,0x00000006d1100000)
 Metaspace       used 20842K, capacity 20994K, committed 21296K, reserved 1069056K
  class space    used 2607K, capacity 2672K, committed 2688K, reserved 1048576K
}
Event: 8,352 GC heap before
{Heap before GC invocations=2 (full 1):
 PSYoungGen      total 74752K, used 10217K [0x000000076ce00000, 0x0000000772100000, 0x00000007c0000000)
  eden space 64512K, 0% used [0x000000076ce00000,0x000000076ce00000,0x0000000770d00000)
  from space 10240K, 99% used [0x0000000770d00000,0x00000007716fa530,0x0000000771700000)
  to   space 10240K, 0% used [0x0000000771700000,0x0000000771700000,0x0000000772100000)
 ParOldGen       total 171008K, used 1387K [0x00000006c6a00000, 0x00000006d1100000, 0x000000076ce00000)
  object space 171008K, 0% used [0x00000006c6a00000,0x00000006c6b5af60,0x00000006d1100000)
 Metaspace       used 20842K, capacity 20994K, committed 21296K, reserved 1069056K
  class space    used 2607K, capacity 2672K, committed 2688K, reserved 1048576K
Event: 8,397 GC heap after
Heap after GC invocations=2 (full 1):
 PSYoungGen      total 74752K, used 0K [0x000000076ce00000, 0x0000000772100000, 0x00000007c0000000)
  eden space 64512K, 0% used [0x000000076ce00000,0x000000076ce00000,0x0000000770d00000)
  from space 10240K, 0% used [0x0000000770d00000,0x0000000770d00000,0x0000000771700000)
  to   space 10240K, 0% used [0x0000000771700000,0x0000000771700000,0x0000000772100000)
 ParOldGen       total 77312K, used 11379K [0x00000006c6a00000, 0x00000006cb580000, 0x000000076ce00000)
  object space 77312K, 14% used [0x00000006c6a00000,0x00000006c751cd08,0x00000006cb580000)
 Metaspace       used 20842K, capacity 20994K, committed 21296K, reserved 1069056K
  class space    used 2607K, capacity 2672K, committed 2688K, reserved 1048576K
}

