# JRE version: Java(TM) SE Runtime Environment (8.0_60-b27) (build 1.8.0_60-b27)
# Java VM: Java HotSpot(TM) 64-Bit Server VM (25.60-b23 mixed mode linux-amd64 compressed oops)
Heap:
 PSYoungGen      total 74752K, used 9803K [0x000000076ce00000, 0x0000000772100000, 0x00000007c0000000)
  eden space 64512K, 15% used [0x000000076ce00000,0x000000076d792f00,0x0000000770d00000)
  from space 10240K, 0% used [0x0000000770d00000,0x0000000770d00000,0x0000000771700000)
  to   space 10240K, 0% used [0x0000000771700000,0x0000000771700000,0x0000000772100000)
 ParOldGen       total 77824K, used 11412K [0x00000006c6a00000, 0x00000006cb600000, 0x000000076ce00000)
  object space 77824K, 14% used [0x00000006c6a00000,0x00000006c7525270,0x00000006cb600000)
 Metaspace       used 21036K, capacity 21218K, committed 21760K, reserved 1069056K
  class space    used 2632K, capacity 2704K, committed 2816K, reserved 1048576K
GC Heap History (4 events):
Event: 9,002 GC heap before
{Heap before GC invocations=1 (full 0):
 PSYoungGen      total 74752K, used 50646K [0x000000076ce00000, 0x0000000772100000, 0x00000007c0000000)
  eden space 64512K, 78% used [0x000000076ce00000,0x000000076ff75a68,0x0000000770d00000)
  from space 10240K, 0% used [0x0000000771700000,0x0000000771700000,0x0000000772100000)
  to   space 10240K, 0% used [0x0000000770d00000,0x0000000770d00000,0x0000000771700000)
 ParOldGen       total 171008K, used 0K [0x00000006c6a00000, 0x00000006d1100000, 0x000000076ce00000)
  object space 171008K, 0% used [0x00000006c6a00000,0x00000006c6a00000,0x00000006d1100000)
 Metaspace       used 20725K, capacity 20898K, committed 21248K, reserved 1067008K
  class space    used 2618K, capacity 2704K, committed 2816K, reserved 1048576K
Event: 9,020 GC heap after
Heap after GC invocations=1 (full 0):
 PSYoungGen      total 74752K, used 10218K [0x000000076ce00000, 0x0000000772100000, 0x00000007c0000000)
  eden space 64512K, 0% used [0x000000076ce00000,0x000000076ce00000,0x0000000770d00000)
  from space 10240K, 99% used [0x0000000770d00000,0x00000007716fa870,0x0000000771700000)
  to   space 10240K, 0% used [0x0000000771700000,0x0000000771700000,0x0000000772100000)
 ParOldGen       total 171008K, used 1472K [0x00000006c6a00000, 0x00000006d1100000, 0x000000076ce00000)
  object space 171008K, 0% used [0x00000006c6a00000,0x00000006c6b701b8,0x00000006d1100000)
 Metaspace       used 20725K, capacity 20898K, committed 21248K, reserved 1067008K
  class space    used 2618K, capacity 2704K, committed 2816K, reserved 1048576K
}
Event: 9,020 GC heap before
{Heap before GC invocations=2 (full 1):
 PSYoungGen      total 74752K, used 10218K [0x000000076ce00000, 0x0000000772100000, 0x00000007c0000000)
  eden space 64512K, 0% used [0x000000076ce00000,0x000000076ce00000,0x0000000770d00000)
  from space 10240K, 99% used [0x0000000770d00000,0x00000007716fa870,0x0000000771700000)
  to   space 10240K, 0% used [0x0000000771700000,0x0000000771700000,0x0000000772100000)
 ParOldGen       total 171008K, used 1472K [0x00000006c6a00000, 0x00000006d1100000, 0x000000076ce00000)
  object space 171008K, 0% used [0x00000006c6a00000,0x00000006c6b701b8,0x00000006d1100000)
 Metaspace       used 20725K, capacity 20898K, committed 21248K, reserved 1067008K
  class space    used 2618K, capacity 2704K, committed 2816K, reserved 1048576K
Event: 9,066 GC heap after
Heap after GC invocations=2 (full 1):
 PSYoungGen      total 74752K, used 0K [0x000000076ce00000, 0x0000000772100000, 0x00000007c0000000)
  eden space 64512K, 0% used [0x000000076ce00000,0x000000076ce00000,0x0000000770d00000)
  from space 10240K, 0% used [0x0000000770d00000,0x0000000770d00000,0x0000000771700000)
  to   space 10240K, 0% used [0x0000000771700000,0x0000000771700000,0x0000000772100000)
 ParOldGen       total 77824K, used 11412K [0x00000006c6a00000, 0x00000006cb600000, 0x000000076ce00000)
  object space 77824K, 14% used [0x00000006c6a00000,0x00000006c7525270,0x00000006cb600000)
 Metaspace       used 20725K, capacity 20898K, committed 21248K, reserved 1067008K
  class space    used 2618K, capacity 2704K, committed 2816K, reserved 1048576K
}

