# JRE version: Java(TM) SE Runtime Environment (8.0_60-b27) (build 1.8.0_60-b27)
# Java VM: Java HotSpot(TM) 64-Bit Server VM (25.60-b23 mixed mode linux-amd64 compressed oops)
Heap:
 PSYoungGen      total 74752K, used 46905K [0x000000076ce00000, 0x0000000772100000, 0x00000007c0000000)
  eden space 64512K, 72% used [0x000000076ce00000,0x000000076fbce6e8,0x0000000770d00000)
  from space 10240K, 0% used [0x0000000770d00000,0x0000000770d00000,0x0000000771700000)
  to   space 10240K, 0% used [0x0000000771700000,0x0000000771700000,0x0000000772100000)
 ParOldGen       total 130048K, used 13569K [0x00000006c6a00000, 0x00000006ce900000, 0x000000076ce00000)
  object space 130048K, 10% used [0x00000006c6a00000,0x00000006c7740780,0x00000006ce900000)
 Metaspace       used 24159K, capacity 24372K, committed 24832K, reserved 1071104K
  class space    used 2926K, capacity 3027K, committed 3072K, reserved 1048576K
GC Heap History (4 events):
Event: 6,964 GC heap before
{Heap before GC invocations=1 (full 0):
 PSYoungGen      total 74752K, used 58862K [0x000000076ce00000, 0x0000000772100000, 0x00000007c0000000)
  eden space 64512K, 91% used [0x000000076ce00000,0x000000077077bb20,0x0000000770d00000)
  from space 10240K, 0% used [0x0000000771700000,0x0000000771700000,0x0000000772100000)
  to   space 10240K, 0% used [0x0000000770d00000,0x0000000770d00000,0x0000000771700000)
 ParOldGen       total 171008K, used 0K [0x00000006c6a00000, 0x00000006d1100000, 0x000000076ce00000)
  object space 171008K, 0% used [0x00000006c6a00000,0x00000006c6a00000,0x00000006d1100000)
 Metaspace       used 20778K, capacity 20940K, committed 21296K, reserved 1069056K
  class space    used 2513K, capacity 2565K, committed 2688K, reserved 1048576K
Event: 6,983 GC heap after
Heap after GC invocations=1 (full 0):
 PSYoungGen      total 74752K, used 10227K [0x000000076ce00000, 0x0000000772100000, 0x00000007c0000000)
  eden space 64512K, 0% used [0x000000076ce00000,0x000000076ce00000,0x0000000770d00000)
  from space 10240K, 99% used [0x0000000770d00000,0x00000007716fcd78,0x0000000771700000)
  to   space 10240K, 0% used [0x0000000771700000,0x0000000771700000,0x0000000772100000)
 ParOldGen       total 171008K, used 3579K [0x00000006c6a00000, 0x00000006d1100000, 0x000000076ce00000)
  object space 171008K, 2% used [0x00000006c6a00000,0x00000006c6d7ec20,0x00000006d1100000)
 Metaspace       used 20778K, capacity 20940K, committed 21296K, reserved 1069056K
  class space    used 2513K, capacity 2565K, committed 2688K, reserved 1048576K
}
Event: 6,983 GC heap before
{Heap before GC invocations=2 (full 1):
 PSYoungGen      total 74752K, used 10227K [0x000000076ce00000, 0x0000000772100000, 0x00000007c0000000)
  eden space 64512K, 0% used [0x000000076ce00000,0x000000076ce00000,0x0000000770d00000)
  from space 10240K, 99% used [0x0000000770d00000,0x00000007716fcd78,0x0000000771700000)
  to   space 10240K, 0% used [0x0000000771700000,0x0000000771700000,0x0000000772100000)
 ParOldGen       total 171008K, used 3579K [0x00000006c6a00000, 0x00000006d1100000, 0x000000076ce00000)
  object space 171008K, 2% used [0x00000006c6a00000,0x00000006c6d7ec20,0x00000006d1100000)
 Metaspace       used 20778K, capacity 20940K, committed 21296K, reserved 1069056K
  class space    used 2513K, capacity 2565K, committed 2688K, reserved 1048576K
Event: 7,038 GC heap after
Heap after GC invocations=2 (full 1):
 PSYoungGen      total 74752K, used 0K [0x000000076ce00000, 0x0000000772100000, 0x00000007c0000000)
  eden space 64512K, 0% used [0x000000076ce00000,0x000000076ce00000,0x0000000770d00000)
  from space 10240K, 0% used [0x0000000770d00000,0x0000000770d00000,0x0000000771700000)
  to   space 10240K, 0% used [0x0000000771700000,0x0000000771700000,0x0000000772100000)
 ParOldGen       total 130048K, used 13569K [0x00000006c6a00000, 0x00000006ce900000, 0x000000076ce00000)
  object space 130048K, 10% used [0x00000006c6a00000,0x00000006c7740780,0x00000006ce900000)
 Metaspace       used 20778K, capacity 20940K, committed 21296K, reserved 1069056K
  class space    used 2513K, capacity 2565K, committed 2688K, reserved 1048576K
}

