# JRE version: Java(TM) SE Runtime Environment (8.0_60-b27) (build 1.8.0_60-b27)
# Java VM: Java HotSpot(TM) 64-Bit Server VM (25.60-b23 mixed mode linux-amd64 compressed oops)
Heap:
 PSYoungGen      total 74752K, used 5661K [0x000000076ce00000, 0x0000000772100000, 0x00000007c0000000)
  eden space 64512K, 4% used [0x000000076ce00000,0x000000076d0f1440,0x0000000770d00000)
  from space 10240K, 25% used [0x0000000771700000,0x0000000771996020,0x0000000772100000)
  to   space 10240K, 0% used [0x0000000770d00000,0x0000000770d00000,0x0000000771700000)
 ParOldGen       total 77824K, used 11490K [0x00000006c6a00000, 0x00000006cb600000, 0x000000076ce00000)
  object space 77824K, 14% used [0x00000006c6a00000,0x00000006c7538a38,0x00000006cb600000)
 Metaspace       used 22813K, capacity 23000K, committed 23296K, reserved 1069056K
  class space    used 2715K, capacity 2805K, committed 2816K, reserved 1048576K
GC Heap History (6 events):
Event: 5,876 GC heap before
{Heap before GC invocations=1 (full 0):
 PSYoungGen      total 74752K, used 49390K [0x000000076ce00000, 0x0000000772100000, 0x00000007c0000000)
  eden space 64512K, 76% used [0x000000076ce00000,0x000000076fe3bb88,0x0000000770d00000)
  from space 10240K, 0% used [0x0000000771700000,0x0000000771700000,0x0000000772100000)
  to   space 10240K, 0% used [0x0000000770d00000,0x0000000770d00000,0x0000000771700000)
 ParOldGen       total 171008K, used 0K [0x00000006c6a00000, 0x00000006d1100000, 0x000000076ce00000)
  object space 171008K, 0% used [0x00000006c6a00000,0x00000006c6a00000,0x00000006d1100000)
 Metaspace       used 20804K, capacity 20962K, committed 21248K, reserved 1067008K
  class space    used 2640K, capacity 2704K, committed 2816K, reserved 1048576K
Event: 5,889 GC heap after
Heap after GC invocations=1 (full 0):
 PSYoungGen      total 74752K, used 10225K [0x000000076ce00000, 0x0000000772100000, 0x00000007c0000000)
  eden space 64512K, 0% used [0x000000076ce00000,0x000000076ce00000,0x0000000770d00000)
  from space 10240K, 99% used [0x0000000770d00000,0x00000007716fc7f0,0x0000000771700000)
  to   space 10240K, 0% used [0x0000000771700000,0x0000000771700000,0x0000000772100000)
 ParOldGen       total 171008K, used 1507K [0x00000006c6a00000, 0x00000006d1100000, 0x000000076ce00000)
  object space 171008K, 0% used [0x00000006c6a00000,0x00000006c6b78dc0,0x00000006d1100000)
 Metaspace       used 20804K, capacity 20962K, committed 21248K, reserved 1067008K
  class space    used 2640K, capacity 2704K, committed 2816K, reserved 1048576K
}
Event: 5,889 GC heap before
{Heap before GC invocations=2 (full 1):
 PSYoungGen      total 74752K, used 10225K [0x000000076ce00000, 0x0000000772100000, 0x00000007c0000000)
  eden space 64512K, 0% used [0x000000076ce00000,0x000000076ce00000,0x0000000770d00000)
  from space 10240K, 99% used [0x0000000770d00000,0x00000007716fc7f0,0x0000000771700000)
  to   space 10240K, 0% used [0x0000000771700000,0x0000000771700000,0x0000000772100000)
 ParOldGen       total 171008K, used 1507K [0x00000006c6a00000, 0x00000006d1100000, 0x000000076ce00000)
  object space 171008K, 0% used [0x00000006c6a00000,0x00000006c6b78dc0,0x00000006d1100000)
 Metaspace       used 20804K, capacity 20962K, committed 21248K, reserved 1067008K
  class space    used 2640K, capacity 2704K, committed 2816K, reserved 1048576K
Event: 5,933 GC heap after
Heap after GC invocations=2 (full 1):
 PSYoungGen      total 74752K, used 0K [0x000000076ce00000, 0x0000000772100000, 0x00000007c0000000)
  eden space 64512K, 0% used [0x000000076ce00000,0x000000076ce00000,0x0000000770d00000)
  from space 10240K, 0% used [0x0000000770d00000,0x0000000770d00000,0x0000000771700000)
  to   space 10240K, 0% used [0x0000000771700000,0x0000000771700000,0x0000000772100000)
 ParOldGen       total 77824K, used 11482K [0x00000006c6a00000, 0x00000006cb600000, 0x000000076ce00000)
  object space 77824K, 14% used [0x00000006c6a00000,0x00000006c7536a38,0x00000006cb600000)
 Metaspace       used 20804K, capacity 20962K, committed 21248K, reserved 1067008K
  class space    used 2640K, capacity 2704K, committed 2816K, reserved 1048576K
}
Event: 22040,939 GC heap before
{Heap before GC invocations=3 (full 1):
 PSYoungGen      total 74752K, used 64512K [0x000000076ce00000, 0x0000000772100000, 0x00000007c0000000)
  eden space 64512K, 100% used [0x000000076ce00000,0x0000000770d00000,0x0000000770d00000)
  from space 10240K, 0% used [0x0000000770d00000,0x0000000770d00000,0x0000000771700000)
  to   space 10240K, 0% used [0x0000000771700000,0x0000000771700000,0x0000000772100000)
 ParOldGen       total 77824K, used 11482K [0x00000006c6a00000, 0x00000006cb600000, 0x000000076ce00000)
  object space 77824K, 14% used [0x00000006c6a00000,0x00000006c7536a38,0x00000006cb600000)
 Metaspace       used 22811K, capacity 23000K, committed 23296K, reserved 1069056K
  class space    used 2715K, capacity 2805K, committed 2816K, reserved 1048576K
Event: 22040,943 GC heap after
Heap after GC invocations=3 (full 1):
 PSYoungGen      total 74752K, used 2648K [0x000000076ce00000, 0x0000000772100000, 0x00000007c0000000)
  eden space 64512K, 0% used [0x000000076ce00000,0x000000076ce00000,0x0000000770d00000)
  from space 10240K, 25% used [0x0000000771700000,0x0000000771996020,0x0000000772100000)
  to   space 10240K, 0% used [0x0000000770d00000,0x0000000770d00000,0x0000000771700000)
 ParOldGen       total 77824K, used 11490K [0x00000006c6a00000, 0x00000006cb600000, 0x000000076ce00000)
  object space 77824K, 14% used [0x00000006c6a00000,0x00000006c7538a38,0x00000006cb600000)
 Metaspace       used 22811K, capacity 23000K, committed 23296K, reserved 1069056K
  class space    used 2715K, capacity 2805K, committed 2816K, reserved 1048576K
}

