# JRE version: Java(TM) SE Runtime Environment (8.0_60-b27) (build 1.8.0_60-b27)
# Java VM: Java HotSpot(TM) 64-Bit Server VM (25.60-b23 mixed mode linux-amd64 compressed oops)
Heap:
 PSYoungGen      total 74752K, used 16642K [0x000000076ce00000, 0x0000000772100000, 0x00000007c0000000)
  eden space 64512K, 25% used [0x000000076ce00000,0x000000076de40940,0x0000000770d00000)
  from space 10240K, 0% used [0x0000000770d00000,0x0000000770d00000,0x0000000771700000)
  to   space 10240K, 0% used [0x0000000771700000,0x0000000771700000,0x0000000772100000)
 ParOldGen       total 77824K, used 11414K [0x00000006c6a00000, 0x00000006cb600000, 0x000000076ce00000)
  object space 77824K, 14% used [0x00000006c6a00000,0x00000006c7525ba8,0x00000006cb600000)
 Metaspace       used 21300K, capacity 21538K, committed 21936K, reserved 1069056K
  class space    used 2629K, capacity 2704K, committed 2816K, reserved 1048576K
GC Heap History (4 events):
Event: 12,658 GC heap before
{Heap before GC invocations=1 (full 0):
 PSYoungGen      total 74752K, used 51927K [0x000000076ce00000, 0x0000000772100000, 0x00000007c0000000)
  eden space 64512K, 80% used [0x000000076ce00000,0x00000007700b5e90,0x0000000770d00000)
  from space 10240K, 0% used [0x0000000771700000,0x0000000771700000,0x0000000772100000)
  to   space 10240K, 0% used [0x0000000770d00000,0x0000000770d00000,0x0000000771700000)
 ParOldGen       total 171008K, used 0K [0x00000006c6a00000, 0x00000006d1100000, 0x000000076ce00000)
  object space 171008K, 0% used [0x00000006c6a00000,0x00000006c6a00000,0x00000006d1100000)
 Metaspace       used 20863K, capacity 20994K, committed 21296K, reserved 1069056K
  class space    used 2615K, capacity 2672K, committed 2688K, reserved 1048576K
Event: 12,671 GC heap after
Heap after GC invocations=1 (full 0):
 PSYoungGen      total 74752K, used 10235K [0x000000076ce00000, 0x0000000772100000, 0x00000007c0000000)
  eden space 64512K, 0% used [0x000000076ce00000,0x000000076ce00000,0x0000000770d00000)
  from space 10240K, 99% used [0x0000000770d00000,0x00000007716fedc0,0x0000000771700000)
  to   space 10240K, 0% used [0x0000000771700000,0x0000000771700000,0x0000000772100000)
 ParOldGen       total 171008K, used 1403K [0x00000006c6a00000, 0x00000006d1100000, 0x000000076ce00000)
  object space 171008K, 0% used [0x00000006c6a00000,0x00000006c6b5ef58,0x00000006d1100000)
 Metaspace       used 20863K, capacity 20994K, committed 21296K, reserved 1069056K
  class space    used 2615K, capacity 2672K, committed 2688K, reserved 1048576K
}
Event: 12,671 GC heap before
{Heap before GC invocations=2 (full 1):
 PSYoungGen      total 74752K, used 10235K [0x000000076ce00000, 0x0000000772100000, 0x00000007c0000000)
  eden space 64512K, 0% used [0x000000076ce00000,0x000000076ce00000,0x0000000770d00000)
  from space 10240K, 99% used [0x0000000770d00000,0x00000007716fedc0,0x0000000771700000)
  to   space 10240K, 0% used [0x0000000771700000,0x0000000771700000,0x0000000772100000)
 ParOldGen       total 171008K, used 1403K [0x00000006c6a00000, 0x00000006d1100000, 0x000000076ce00000)
  object space 171008K, 0% used [0x00000006c6a00000,0x00000006c6b5ef58,0x00000006d1100000)
 Metaspace       used 20863K, capacity 20994K, committed 21296K, reserved 1069056K
  class space    used 2615K, capacity 2672K, committed 2688K, reserved 1048576K
Event: 12,719 GC heap after
Heap after GC invocations=2 (full 1):
 PSYoungGen      total 74752K, used 0K [0x000000076ce00000, 0x0000000772100000, 0x00000007c0000000)
  eden space 64512K, 0% used [0x000000076ce00000,0x000000076ce00000,0x0000000770d00000)
  from space 10240K, 0% used [0x0000000770d00000,0x0000000770d00000,0x0000000771700000)
  to   space 10240K, 0% used [0x0000000771700000,0x0000000771700000,0x0000000772100000)
 ParOldGen       total 77824K, used 11414K [0x00000006c6a00000, 0x00000006cb600000, 0x000000076ce00000)
  object space 77824K, 14% used [0x00000006c6a00000,0x00000006c7525ba8,0x00000006cb600000)
 Metaspace       used 20863K, capacity 20994K, committed 21296K, reserved 1069056K
  class space    used 2615K, capacity 2672K, committed 2688K, reserved 1048576K
}

