# JRE version: Java(TM) SE Runtime Environment (8.0_60-b27) (build 1.8.0_60-b27)
# Java VM: Java HotSpot(TM) 64-Bit Server VM (25.60-b23 mixed mode linux-amd64 compressed oops)
Heap:
 PSYoungGen      total 74752K, used 38603K [0x000000076ce00000, 0x0000000772100000, 0x00000007c0000000)
  eden space 64512K, 43% used [0x000000076ce00000,0x000000076e9b3400,0x0000000770d00000)
  from space 10240K, 99% used [0x0000000771700000,0x00000007720ffb18,0x0000000772100000)
  to   space 10240K, 0% used [0x0000000770d00000,0x0000000770d00000,0x0000000771700000)
 ParOldGen       total 77824K, used 15401K [0x00000006c6a00000, 0x00000006cb600000, 0x000000076ce00000)
  object space 77824K, 19% used [0x00000006c6a00000,0x00000006c790a5f0,0x00000006cb600000)
 Metaspace       used 26191K, capacity 26404K, committed 26880K, reserved 1073152K
  class space    used 2989K, capacity 3063K, committed 3072K, reserved 1048576K
GC Heap History (10 events):
Event: 8,577 GC heap before
{Heap before GC invocations=1 (full 0):
 PSYoungGen      total 74752K, used 51937K [0x000000076ce00000, 0x0000000772100000, 0x00000007c0000000)
  eden space 64512K, 80% used [0x000000076ce00000,0x00000007700b84b0,0x0000000770d00000)
  from space 10240K, 0% used [0x0000000771700000,0x0000000771700000,0x0000000772100000)
  to   space 10240K, 0% used [0x0000000770d00000,0x0000000770d00000,0x0000000771700000)
 ParOldGen       total 171008K, used 0K [0x00000006c6a00000, 0x00000006d1100000, 0x000000076ce00000)
  object space 171008K, 0% used [0x00000006c6a00000,0x00000006c6a00000,0x00000006d1100000)
 Metaspace       used 20729K, capacity 20898K, committed 21248K, reserved 1067008K
  class space    used 2619K, capacity 2704K, committed 2816K, reserved 1048576K
Event: 8,590 GC heap after
Heap after GC invocations=1 (full 0):
 PSYoungGen      total 74752K, used 10216K [0x000000076ce00000, 0x0000000772100000, 0x00000007c0000000)
  eden space 64512K, 0% used [0x000000076ce00000,0x000000076ce00000,0x0000000770d00000)
  from space 10240K, 99% used [0x0000000770d00000,0x00000007716fa060,0x0000000771700000)
  to   space 10240K, 0% used [0x0000000771700000,0x0000000771700000,0x0000000772100000)
 ParOldGen       total 171008K, used 1452K [0x00000006c6a00000, 0x00000006d1100000, 0x000000076ce00000)
  object space 171008K, 0% used [0x00000006c6a00000,0x00000006c6b6b110,0x00000006d1100000)
 Metaspace       used 20729K, capacity 20898K, committed 21248K, reserved 1067008K
  class space    used 2619K, capacity 2704K, committed 2816K, reserved 1048576K
}
Event: 8,590 GC heap before
{Heap before GC invocations=2 (full 1):
 PSYoungGen      total 74752K, used 10216K [0x000000076ce00000, 0x0000000772100000, 0x00000007c0000000)
  eden space 64512K, 0% used [0x000000076ce00000,0x000000076ce00000,0x0000000770d00000)
  from space 10240K, 99% used [0x0000000770d00000,0x00000007716fa060,0x0000000771700000)
  to   space 10240K, 0% used [0x0000000771700000,0x0000000771700000,0x0000000772100000)
 ParOldGen       total 171008K, used 1452K [0x00000006c6a00000, 0x00000006d1100000, 0x000000076ce00000)
  object space 171008K, 0% used [0x00000006c6a00000,0x00000006c6b6b110,0x00000006d1100000)
 Metaspace       used 20729K, capacity 20898K, committed 21248K, reserved 1067008K
  class space    used 2619K, capacity 2704K, committed 2816K, reserved 1048576K
Event: 8,634 GC heap after
Heap after GC invocations=2 (full 1):
 PSYoungGen      total 74752K, used 0K [0x000000076ce00000, 0x0000000772100000, 0x00000007c0000000)
  eden space 64512K, 0% used [0x000000076ce00000,0x000000076ce00000,0x0000000770d00000)
  from space 10240K, 0% used [0x0000000770d00000,0x0000000770d00000,0x0000000771700000)
  to   space 10240K, 0% used [0x0000000771700000,0x0000000771700000,0x0000000772100000)
 ParOldGen       total 77824K, used 11415K [0x00000006c6a00000, 0x00000006cb600000, 0x000000076ce00000)
  object space 77824K, 14% used [0x00000006c6a00000,0x00000006c7525cd8,0x00000006cb600000)
 Metaspace       used 20729K, capacity 20898K, committed 21248K, reserved 1067008K
  class space    used 2619K, capacity 2704K, committed 2816K, reserved 1048576K
}
Event: 48,099 GC heap before
{Heap before GC invocations=3 (full 1):
 PSYoungGen      total 74752K, used 64512K [0x000000076ce00000, 0x0000000772100000, 0x00000007c0000000)
  eden space 64512K, 100% used [0x000000076ce00000,0x0000000770d00000,0x0000000770d00000)
  from space 10240K, 0% used [0x0000000770d00000,0x0000000770d00000,0x0000000771700000)
  to   space 10240K, 0% used [0x0000000771700000,0x0000000771700000,0x0000000772100000)
 ParOldGen       total 77824K, used 11415K [0x00000006c6a00000, 0x00000006cb600000, 0x000000076ce00000)
  object space 77824K, 14% used [0x00000006c6a00000,0x00000006c7525cd8,0x00000006cb600000)
 Metaspace       used 22499K, capacity 22702K, committed 23040K, reserved 1069056K
  class space    used 2673K, capacity 2770K, committed 2816K, reserved 1048576K
Event: 48,116 GC heap after
Heap after GC invocations=3 (full 1):
 PSYoungGen      total 74752K, used 4048K [0x000000076ce00000, 0x0000000772100000, 0x00000007c0000000)
  eden space 64512K, 0% used [0x000000076ce00000,0x000000076ce00000,0x0000000770d00000)
  from space 10240K, 39% used [0x0000000771700000,0x0000000771af4020,0x0000000772100000)
  to   space 10240K, 0% used [0x0000000770d00000,0x0000000770d00000,0x0000000771700000)
 ParOldGen       total 77824K, used 11423K [0x00000006c6a00000, 0x00000006cb600000, 0x000000076ce00000)
  object space 77824K, 14% used [0x00000006c6a00000,0x00000006c7527cd8,0x00000006cb600000)
 Metaspace       used 22499K, capacity 22702K, committed 23040K, reserved 1069056K
  class space    used 2673K, capacity 2770K, committed 2816K, reserved 1048576K
}
Event: 159,577 GC heap before
{Heap before GC invocations=4 (full 1):
 PSYoungGen      total 74752K, used 68560K [0x000000076ce00000, 0x0000000772100000, 0x00000007c0000000)
  eden space 64512K, 100% used [0x000000076ce00000,0x0000000770d00000,0x0000000770d00000)
  from space 10240K, 39% used [0x0000000771700000,0x0000000771af4020,0x0000000772100000)
  to   space 10240K, 0% used [0x0000000770d00000,0x0000000770d00000,0x0000000771700000)
 ParOldGen       total 77824K, used 11423K [0x00000006c6a00000, 0x00000006cb600000, 0x000000076ce00000)
  object space 77824K, 14% used [0x00000006c6a00000,0x00000006c7527cd8,0x00000006cb600000)
 Metaspace       used 22999K, capacity 23150K, committed 23552K, reserved 1071104K
  class space    used 2676K, capacity 2770K, committed 2816K, reserved 1048576K
Event: 159,581 GC heap after
Heap after GC invocations=4 (full 1):
 PSYoungGen      total 74752K, used 3088K [0x000000076ce00000, 0x0000000772100000, 0x00000007c0000000)
  eden space 64512K, 0% used [0x000000076ce00000,0x000000076ce00000,0x0000000770d00000)
  from space 10240K, 30% used [0x0000000770d00000,0x0000000771004020,0x0000000771700000)
  to   space 10240K, 0% used [0x0000000771700000,0x0000000771700000,0x0000000772100000)
 ParOldGen       total 77824K, used 11431K [0x00000006c6a00000, 0x00000006cb600000, 0x000000076ce00000)
  object space 77824K, 14% used [0x00000006c6a00000,0x00000006c7529cd8,0x00000006cb600000)
 Metaspace       used 22999K, capacity 23150K, committed 23552K, reserved 1071104K
  class space    used 2676K, capacity 2770K, committed 2816K, reserved 1048576K
}
Event: 548,072 GC heap before
{Heap before GC invocations=5 (full 1):
 PSYoungGen      total 74752K, used 67600K [0x000000076ce00000, 0x0000000772100000, 0x00000007c0000000)
  eden space 64512K, 100% used [0x000000076ce00000,0x0000000770d00000,0x0000000770d00000)
  from space 10240K, 30% used [0x0000000770d00000,0x0000000771004020,0x0000000771700000)
  to   space 10240K, 0% used [0x0000000771700000,0x0000000771700000,0x0000000772100000)
 ParOldGen       total 77824K, used 11431K [0x00000006c6a00000, 0x00000006cb600000, 0x000000076ce00000)
  object space 77824K, 14% used [0x00000006c6a00000,0x00000006c7529cd8,0x00000006cb600000)
 Metaspace       used 25739K, capacity 25914K, committed 26368K, reserved 1073152K
  class space    used 2969K, capacity 3028K, committed 3072K, reserved 1048576K
Event: 548,085 GC heap after
Heap after GC invocations=5 (full 1):
 PSYoungGen      total 74752K, used 10238K [0x000000076ce00000, 0x0000000772100000, 0x00000007c0000000)
  eden space 64512K, 0% used [0x000000076ce00000,0x000000076ce00000,0x0000000770d00000)
  from space 10240K, 99% used [0x0000000771700000,0x00000007720ffb18,0x0000000772100000)
  to   space 10240K, 0% used [0x0000000770d00000,0x0000000770d00000,0x0000000771700000)
 ParOldGen       total 77824K, used 15401K [0x00000006c6a00000, 0x00000006cb600000, 0x000000076ce00000)
  object space 77824K, 19% used [0x00000006c6a00000,0x00000006c790a5f0,0x00000006cb600000)
 Metaspace       used 25739K, capacity 25914K, committed 26368K, reserved 1073152K
  class space    used 2969K, capacity 3028K, committed 3072K, reserved 1048576K
}

