# JRE version: Java(TM) SE Runtime Environment (8.0_60-b27) (build 1.8.0_60-b27)
# Java VM: Java HotSpot(TM) 64-Bit Server VM (25.60-b23 mixed mode linux-amd64 compressed oops)
Heap:
 PSYoungGen      total 74752K, used 14262K [0x000000076ce00000, 0x0000000772100000, 0x00000007c0000000)
  eden space 64512K, 22% used [0x000000076ce00000,0x000000076dbed8b0,0x0000000770d00000)
  from space 10240K, 0% used [0x0000000770d00000,0x0000000770d00000,0x0000000771700000)
  to   space 10240K, 0% used [0x0000000771700000,0x0000000771700000,0x0000000772100000)
 ParOldGen       total 77312K, used 11288K [0x00000006c6a00000, 0x00000006cb580000, 0x000000076ce00000)
  object space 77312K, 14% used [0x00000006c6a00000,0x00000006c75060c8,0x00000006cb580000)
 Metaspace       used 21640K, capacity 21844K, committed 22272K, reserved 1069056K
  class space    used 2663K, capacity 2741K, committed 2816K, reserved 1048576K
GC Heap History (4 events):
Event: 7,296 GC heap before
{Heap before GC invocations=1 (full 0):
 PSYoungGen      total 74752K, used 46756K [0x000000076ce00000, 0x0000000772100000, 0x00000007c0000000)
  eden space 64512K, 72% used [0x000000076ce00000,0x000000076fba9190,0x0000000770d00000)
  from space 10240K, 0% used [0x0000000771700000,0x0000000771700000,0x0000000772100000)
  to   space 10240K, 0% used [0x0000000770d00000,0x0000000770d00000,0x0000000771700000)
 ParOldGen       total 171008K, used 0K [0x00000006c6a00000, 0x00000006d1100000, 0x000000076ce00000)
  object space 171008K, 0% used [0x00000006c6a00000,0x00000006c6a00000,0x00000006d1100000)
 Metaspace       used 20769K, capacity 20898K, committed 21248K, reserved 1067008K
  class space    used 2633K, capacity 2704K, committed 2816K, reserved 1048576K
Event: 7,313 GC heap after
Heap after GC invocations=1 (full 0):
 PSYoungGen      total 74752K, used 10218K [0x000000076ce00000, 0x0000000772100000, 0x00000007c0000000)
  eden space 64512K, 0% used [0x000000076ce00000,0x000000076ce00000,0x0000000770d00000)
  from space 10240K, 99% used [0x0000000770d00000,0x00000007716fa908,0x0000000771700000)
  to   space 10240K, 0% used [0x0000000771700000,0x0000000771700000,0x0000000772100000)
 ParOldGen       total 171008K, used 1311K [0x00000006c6a00000, 0x00000006d1100000, 0x000000076ce00000)
  object space 171008K, 0% used [0x00000006c6a00000,0x00000006c6b47c90,0x00000006d1100000)
 Metaspace       used 20769K, capacity 20898K, committed 21248K, reserved 1067008K
  class space    used 2633K, capacity 2704K, committed 2816K, reserved 1048576K
}
Event: 7,314 GC heap before
{Heap before GC invocations=2 (full 1):
 PSYoungGen      total 74752K, used 10218K [0x000000076ce00000, 0x0000000772100000, 0x00000007c0000000)
  eden space 64512K, 0% used [0x000000076ce00000,0x000000076ce00000,0x0000000770d00000)
  from space 10240K, 99% used [0x0000000770d00000,0x00000007716fa908,0x0000000771700000)
  to   space 10240K, 0% used [0x0000000771700000,0x0000000771700000,0x0000000772100000)
 ParOldGen       total 171008K, used 1311K [0x00000006c6a00000, 0x00000006d1100000, 0x000000076ce00000)
  object space 171008K, 0% used [0x00000006c6a00000,0x00000006c6b47c90,0x00000006d1100000)
 Metaspace       used 20769K, capacity 20898K, committed 21248K, reserved 1067008K
  class space    used 2633K, capacity 2704K, committed 2816K, reserved 1048576K
Event: 7,360 GC heap after
Heap after GC invocations=2 (full 1):
 PSYoungGen      total 74752K, used 0K [0x000000076ce00000, 0x0000000772100000, 0x00000007c0000000)
  eden space 64512K, 0% used [0x000000076ce00000,0x000000076ce00000,0x0000000770d00000)
  from space 10240K, 0% used [0x0000000770d00000,0x0000000770d00000,0x0000000771700000)
  to   space 10240K, 0% used [0x0000000771700000,0x0000000771700000,0x0000000772100000)
 ParOldGen       total 77312K, used 11288K [0x00000006c6a00000, 0x00000006cb580000, 0x000000076ce00000)
  object space 77312K, 14% used [0x00000006c6a00000,0x00000006c75060c8,0x00000006cb580000)
 Metaspace       used 20769K, capacity 20898K, committed 21248K, reserved 1067008K
  class space    used 2633K, capacity 2704K, committed 2816K, reserved 1048576K
}

